TN:
SF:app.js
FN:12,(anonymous_0)
FN:32,(anonymous_1)
FN:33,(anonymous_2)
FN:36,(anonymous_3)
FN:42,(anonymous_4)
FNF:5
FNH:2
FNDA:0,(anonymous_0)
FNDA:1,(anonymous_1)
FNDA:0,(anonymous_2)
FNDA:0,(anonymous_3)
FNDA:1,(anonymous_4)
DA:1,1
DA:2,1
DA:3,1
DA:4,1
DA:5,1
DA:6,1
DA:7,1
DA:9,1
DA:12,1
DA:13,0
DA:16,1
DA:18,1
DA:25,1
DA:26,1
DA:28,1
DA:32,1
DA:33,0
DA:36,1
DA:37,0
DA:41,1
DA:42,1
DA:43,1
DA:46,1
LF:23
LH:20
BRDA:41,0,0,1
BRDA:41,0,1,1
BRF:2
BRH:2
end_of_record
TN:
SF:src\api\controllers\beerControllers.js
FN:18,(anonymous_0)
FN:28,(anonymous_1)
FN:41,(anonymous_2)
FN:66,(anonymous_3)
FN:87,(anonymous_4)
FNF:5
FNH:4
FNDA:1,(anonymous_0)
FNDA:2,(anonymous_1)
FNDA:0,(anonymous_2)
FNDA:2,(anonymous_3)
FNDA:2,(anonymous_4)
DA:1,1
DA:2,1
DA:3,1
DA:4,1
DA:7,1
DA:18,1
DA:19,1
DA:20,1
DA:21,1
DA:23,0
DA:28,1
DA:29,2
DA:30,2
DA:31,2
DA:32,1
DA:34,1
DA:36,0
DA:41,1
DA:42,0
DA:43,0
DA:44,0
DA:47,0
DA:57,0
DA:58,0
DA:59,0
DA:61,0
DA:66,1
DA:67,2
DA:68,2
DA:69,2
DA:70,1
DA:73,1
DA:74,1
DA:75,0
DA:78,1
DA:79,0
DA:80,0
DA:82,1
DA:87,1
DA:88,2
DA:89,2
DA:90,2
DA:91,1
DA:93,1
DA:94,0
DA:96,1
DA:100,1
LF:47
LH:33
BRDA:31,0,0,1
BRDA:31,0,1,1
BRDA:43,1,0,0
BRDA:43,1,1,0
BRDA:69,2,0,1
BRDA:69,2,1,1
BRDA:74,3,0,0
BRDA:74,3,1,1
BRDA:90,4,0,1
BRDA:90,4,1,1
BRF:10
BRH:7
end_of_record
TN:
SF:src\api\models\Beer.js
FNF:0
FNH:0
DA:1,1
DA:3,1
DA:13,1
LF:3
LH:3
BRF:0
BRH:0
end_of_record
TN:
SF:src\api\routes\beerRoutes.js
FNF:0
FNH:0
DA:1,1
DA:2,1
DA:3,1
DA:4,1
DA:7,1
DA:8,1
DA:9,1
DA:10,1
DA:11,1
DA:13,1
LF:10
LH:10
BRF:0
BRH:0
end_of_record
TN:
SF:src\middleware\uploadFile.js
FN:16,(anonymous_0)
FN:17,(anonymous_1)
FN:31,(anonymous_2)
FNF:3
FNH:2
FNDA:2,(anonymous_0)
FNDA:2,(anonymous_1)
FNDA:0,(anonymous_2)
DA:1,1
DA:2,1
DA:5,1
DA:12,1
DA:13,1
DA:16,1
DA:17,2
DA:18,2
DA:19,0
DA:20,2
DA:21,0
DA:24,2
DA:25,2
DA:28,0
DA:31,0
DA:32,0
DA:33,0
DA:37,0
DA:38,0
DA:43,1
LF:20
LH:12
BRDA:18,0,0,0
BRDA:18,0,1,2
BRDA:20,1,0,0
BRDA:20,1,1,2
BRDA:24,2,0,2
BRDA:24,2,1,0
BRDA:32,3,0,0
BRDA:32,3,1,0
BRF:8
BRH:3
end_of_record
TN:
SF:src\utils\db.js
FN:3,(anonymous_0)
FNF:1
FNH:1
FNDA:1,(anonymous_0)
DA:1,1
DA:3,1
DA:4,1
DA:5,1
DA:8,1
DA:10,0
DA:11,0
DA:15,1
LF:8
LH:6
BRF:0
BRH:0
end_of_record
